  Source.cpp
C:\Users\lhawk\OneDrive\Projects\Fluid\Fluid\Source.cpp(107,15): warning C4244: 'initializing': conversion from 'double' to 'float', possible loss of data
C:\Users\lhawk\OneDrive\Projects\Fluid\Fluid\Source.cpp(206,14): warning C4244: '=': conversion from 'double' to 'float', possible loss of data
C:\Users\lhawk\OneDrive\Projects\Fluid\Fluid\Source.cpp(351,8): warning C4101: 'dt': unreferenced local variable
C:\Users\lhawk\OneDrive\Projects\Fluid\Fluid\Source.cpp(352,8): warning C4101: 'old_dt': unreferenced local variable
C:\Users\lhawk\OneDrive\Projects\Fluid\Fluid\Source.cpp(350,8): warning C4101: 'dx': unreferenced local variable
C:\Program Files (x86)\Microsoft Visual Studio\2019\Community\VC\Tools\MSVC\14.24.28314\include\xmemory(671,82): warning C4244: 'initializing': conversion from '_Ty' to '_Objty', possible loss of data
          with
          [
              _Ty=int
          ]
          and
          [
              _Objty=float
          ]
C:\Program Files (x86)\Microsoft Visual Studio\2019\Community\VC\Tools\MSVC\14.24.28314\include\vector(683): message : see reference to function template instantiation 'void std::_Default_allocator_traits<_Alloc>::construct<_Ty,int>(_Alloc &,_Objty *const ,int &&)' being compiled
          with
          [
              _Alloc=std::allocator<float>,
              _Ty=float,
              _Objty=float
          ]
C:\Program Files (x86)\Microsoft Visual Studio\2019\Community\VC\Tools\MSVC\14.24.28314\include\vector(688): message : see reference to function template instantiation 'void std::_Default_allocator_traits<_Alloc>::construct<_Ty,int>(_Alloc &,_Objty *const ,int &&)' being compiled
          with
          [
              _Alloc=std::allocator<float>,
              _Ty=float,
              _Objty=float
          ]
C:\Program Files (x86)\Microsoft Visual Studio\2019\Community\VC\Tools\MSVC\14.24.28314\include\vector(701): message : see reference to function template instantiation 'void std::vector<float,std::allocator<float>>::_Emplace_back_with_unused_capacity<_Ty>(_Ty &&)' being compiled
          with
          [
              _Ty=int
          ]
C:\Users\lhawk\OneDrive\Projects\Fluid\Fluid\Source.cpp(129): message : see reference to function template instantiation 'void std::vector<float,std::allocator<float>>::emplace_back<int>(int &&)' being compiled
  Fluid.vcxproj -> C:\Users\lhawk\OneDrive\Projects\Fluid\x64\Debug\Fluid.exe
