  Source.cpp
C:\Users\lhawk\OneDrive\Projects\Fluid\Fluid\Source.cpp(8,22): warning C4244: 'initializing': conversion from 'float' to 'int', possible loss of data
C:\Users\lhawk\OneDrive\Projects\Fluid\Fluid\Source.cpp(9,23): warning C4244: 'initializing': conversion from 'float' to 'int', possible loss of data
C:\Users\lhawk\OneDrive\Projects\Fluid\Fluid\Source.cpp(116,15): warning C4244: 'initializing': conversion from 'double' to 'float', possible loss of data
C:\Users\lhawk\OneDrive\Projects\Fluid\Fluid\Source.cpp(215,14): warning C4244: '=': conversion from 'double' to 'float', possible loss of data
C:\Program Files (x86)\Microsoft Visual Studio\2019\Community\VC\Tools\MSVC\14.24.28314\include\xmemory(671,103): warning C4244: 'argument': conversion from '_Ty' to 'T', possible loss of data
          with
          [
              _Ty=int
          ]
          and
          [
              T=float
          ]
C:\Program Files (x86)\Microsoft Visual Studio\2019\Community\VC\Tools\MSVC\14.24.28314\include\vector(683): message : see reference to function template instantiation 'void std::_Default_allocator_traits<_Alloc>::construct<_Ty,int>(_Alloc &,_Objty *const ,int &&)' being compiled
          with
          [
              _Alloc=std::allocator<glm::vec2>,
              _Ty=glm::vec<2,float,0>,
              _Objty=glm::vec<2,float,0>
          ]
C:\Program Files (x86)\Microsoft Visual Studio\2019\Community\VC\Tools\MSVC\14.24.28314\include\vector(688): message : see reference to function template instantiation 'void std::_Default_allocator_traits<_Alloc>::construct<_Ty,int>(_Alloc &,_Objty *const ,int &&)' being compiled
          with
          [
              _Alloc=std::allocator<glm::vec2>,
              _Ty=glm::vec<2,float,0>,
              _Objty=glm::vec<2,float,0>
          ]
C:\Program Files (x86)\Microsoft Visual Studio\2019\Community\VC\Tools\MSVC\14.24.28314\include\vector(701): message : see reference to function template instantiation 'void std::vector<glm::vec2,std::allocator<glm::vec2>>::_Emplace_back_with_unused_capacity<_Ty>(_Ty &&)' being compiled
          with
          [
              _Ty=int
          ]
C:\Users\lhawk\OneDrive\Projects\Fluid\Fluid\Source.cpp(56): message : see reference to function template instantiation 'void std::vector<glm::vec2,std::allocator<glm::vec2>>::emplace_back<int>(int &&)' being compiled
C:\Program Files (x86)\Microsoft Visual Studio\2019\Community\VC\Tools\MSVC\14.24.28314\include\xmemory(671,82): warning C4244: 'initializing': conversion from '_Ty' to '_Objty', possible loss of data
          with
          [
              _Ty=int
          ]
          and
          [
              _Objty=float
          ]
C:\Program Files (x86)\Microsoft Visual Studio\2019\Community\VC\Tools\MSVC\14.24.28314\include\vector(683): message : see reference to function template instantiation 'void std::_Default_allocator_traits<_Alloc>::construct<_Ty,int>(_Alloc &,_Objty *const ,int &&)' being compiled
          with
          [
              _Alloc=std::allocator<float>,
              _Ty=float,
              _Objty=float
          ]
C:\Program Files (x86)\Microsoft Visual Studio\2019\Community\VC\Tools\MSVC\14.24.28314\include\vector(688): message : see reference to function template instantiation 'void std::_Default_allocator_traits<_Alloc>::construct<_Ty,int>(_Alloc &,_Objty *const ,int &&)' being compiled
          with
          [
              _Alloc=std::allocator<float>,
              _Ty=float,
              _Objty=float
          ]
C:\Program Files (x86)\Microsoft Visual Studio\2019\Community\VC\Tools\MSVC\14.24.28314\include\vector(701): message : see reference to function template instantiation 'void std::vector<float,std::allocator<float>>::_Emplace_back_with_unused_capacity<_Ty>(_Ty &&)' being compiled
          with
          [
              _Ty=int
          ]
C:\Users\lhawk\OneDrive\Projects\Fluid\Fluid\Source.cpp(138): message : see reference to function template instantiation 'void std::vector<float,std::allocator<float>>::emplace_back<int>(int &&)' being compiled
  Generating code
  3 of 297 functions ( 1.0%) were compiled, the rest were copied from previous compilation.
    0 functions were new in current compilation
    0 functions had inline decision re-evaluated but remain unchanged
  Finished generating code
  Fluid.vcxproj -> C:\Users\lhawk\OneDrive\Projects\Fluid\x64\Release\Fluid.exe
